<?xml version="1.0" encoding="UTF-8"?>
<!-- Generated by org.testng.reporters.JUnitReportReporter -->
<testsuite skipped="0" hostname="L30077WIN" name="com.webdriver.runner.CustomGenericRunner" tests="1" failures="0" timestamp="26 May 2018 09:02:06 GMT" time="32.533" errors="0">
  <testcase name="feature" time="32.533" classname="com.webdriver.runner.CustomGenericRunner"/>
</testsuite> <!-- com.webdriver.runner.CustomGenericRunner -->
