<?xml version="1.0" encoding="UTF-8"?>
<!-- Generated by org.testng.reporters.JUnitReportReporter -->
<testsuite skipped="0" hostname="L30077WIN" name="com.webdriver.runner.WebdriverWaitFunctionRunner" tests="1" failures="0" timestamp="27 May 2018 08:03:56 GMT" time="67.389" errors="0">
  <testcase name="feature" time="67.389" classname="com.webdriver.runner.WebdriverWaitFunctionRunner"/>
</testsuite> <!-- com.webdriver.runner.WebdriverWaitFunctionRunner -->
