<?xml version="1.0" encoding="UTF-8"?>
<!-- Generated by org.testng.reporters.JUnitReportReporter -->
<testsuite skipped="0" hostname="L30077WIN" name="com.webdriver.runner.GenericRunner" tests="2" failures="0" timestamp="26 May 2018 06:59:07 GMT" time="145.535" errors="0">
  <testcase name="feature" time="53.629" classname="com.webdriver.runner.GenericRunner"/>
  <testcase name="feature" time="91.906" classname="com.webdriver.runner.GenericRunner"/>
</testsuite> <!-- com.webdriver.runner.GenericRunner -->
