<?xml version="1.0" encoding="UTF-8"?>
<!-- Generated by org.testng.reporters.JUnitReportReporter -->
<testsuite skipped="0" hostname="L30077WIN" name="com.webdriver.wait.WebdriverWaitFunctionRunner" tests="1" failures="0" timestamp="03 Jun 2018 07:19:31 GMT" time="27.711" errors="0">
  <testcase name="feature" time="27.711" classname="com.webdriver.wait.WebdriverWaitFunctionRunner"/>
</testsuite> <!-- com.webdriver.wait.WebdriverWaitFunctionRunner -->
