<?xml version="1.0" encoding="UTF-8"?>
<!-- Generated by org.testng.reporters.JUnitReportReporter -->
<testsuite skipped="0" hostname="L30077WIN" name="com.webdriver.wait.CustomWebdriverWaitFunctionRunner" tests="1" failures="0" timestamp="23 May 2018 11:29:35 GMT" time="8.340" errors="0">
  <testcase name="feature" time="8.340" classname="com.webdriver.wait.CustomWebdriverWaitFunctionRunner"/>
</testsuite> <!-- com.webdriver.wait.CustomWebdriverWaitFunctionRunner -->
