<?xml version="1.0" encoding="UTF-8"?>
<!-- Generated by org.testng.reporters.JUnitReportReporter -->
<testsuite skipped="0" hostname="L30077WIN" name="com.webdriver.iframes.IframesRunner" tests="1" failures="0" timestamp="03 Jun 2018 07:19:31 GMT" time="16.836" errors="0">
  <testcase name="feature" time="16.836" classname="com.webdriver.iframes.IframesRunner"/>
</testsuite> <!-- com.webdriver.iframes.IframesRunner -->
