<?xml version="1.0" encoding="UTF-8"?>
<!-- Generated by org.testng.reporters.JUnitReportReporter -->
<testsuite skipped="0" hostname="L30077WIN" name="com.webdriver.runner.CustomGenericRunnerWithTag" tests="1" failures="0" timestamp="26 May 2018 09:46:07 GMT" time="31.932" errors="0">
  <testcase name="feature" time="31.932" classname="com.webdriver.runner.CustomGenericRunnerWithTag"/>
</testsuite> <!-- com.webdriver.runner.CustomGenericRunnerWithTag -->
