<?xml version="1.0" encoding="UTF-8"?>
<!-- Generated by org.testng.reporters.JUnitReportReporter -->
<testsuite skipped="0" hostname="L30077WIN" name="com.webdriver.webelementfunction.SuiteMethods" tests="1" failures="0" timestamp="02 Jun 2018 18:09:27 GMT" time="0.004" errors="0">
  <testcase name="test" time="0.004" classname="com.webdriver.webelementfunction.SuiteMethods"/>
</testsuite> <!-- com.webdriver.webelementfunction.SuiteMethods -->
